<?xml version="1.0" encoding="UTF-8"?>
<testsuite name="NoBrackParserTest" tests="4" skipped="0" failures="0" errors="0" timestamp="2023-11-12T10:28:46" hostname="MacBook-Pro.local" time="0.051">
  <properties/>
  <testcase name="complexExpTest()" classname="NoBrackParserTest" time="0.034"/>
  <testcase name="valueIndexForOpsTest()" classname="NoBrackParserTest" time="0.001"/>
  <testcase name="simpleExpTest()" classname="NoBrackParserTest" time="0.0"/>
  <testcase name="moreReductionTest()" classname="NoBrackParserTest" time="0.013"/>
  <system-out><![CDATA[[]
[node_7]
nodespace: 
    node_1 -> 3.0
    node_2 -> unminus(3.0)
    node_3 -> 4.0
    node_4 -> unminus(4.0)
    node_5 -> 5.0
    node_6 -> (unminus(4.0)) * (5.0)
    node_7 -> (unminus(3.0)) + ((unminus(4.0)) * (5.0))
]]></system-out>
  <system-err><![CDATA[]]></system-err>
</testsuite>
